This file contains any messages produced by compilers while
running configure, to aid debugging if configure makes a mistake.

It was created by Phidget22 Network Server configure 1.6, which was
generated by GNU Autoconf 2.69.  Invocation command line was

  $ ./configure 

## --------- ##
## Platform. ##
## --------- ##

hostname = nicolemint
uname -m = x86_64
uname -r = 5.0.0-32-generic
uname -s = Linux
uname -v = #34~18.04.2-Ubuntu SMP Thu Oct 10 10:36:02 UTC 2019

/usr/bin/uname -p = unknown
/bin/uname -X     = unknown

/bin/arch              = unknown
/usr/bin/arch -k       = unknown
/usr/convex/getsysinfo = unknown
/usr/bin/hostinfo      = unknown
/bin/machine           = unknown
/usr/bin/oslevel       = unknown
/bin/universe          = unknown

PATH: /opt/ros/melodic/bin
PATH: /home/nicolemint/.local/bin
PATH: /usr/local/sbin
PATH: /usr/local/bin
PATH: /usr/sbin
PATH: /usr/bin
PATH: /sbin
PATH: /bin
PATH: /usr/games
PATH: /usr/local/games


## ----------- ##
## Core tests. ##
## ----------- ##

configure:2164: checking for a BSD-compatible install
configure:2232: result: /usr/bin/install -c
configure:2243: checking whether build environment is sane
configure:2298: result: yes
configure:2449: checking for a thread-safe mkdir -p
configure:2488: result: /bin/mkdir -p
configure:2495: checking for gawk
configure:2511: found /usr/bin/gawk
configure:2522: result: gawk
configure:2533: checking whether make sets $(MAKE)
configure:2555: result: yes
configure:2584: checking whether make supports nested variables
configure:2601: result: yes
configure:2739: checking whether make supports nested variables
configure:2756: result: yes
configure:2797: checking build system type
configure:2811: result: x86_64-unknown-linux-gnu
configure:2831: checking host system type
configure:2844: result: x86_64-unknown-linux-gnu
configure:2885: checking how to print strings
configure:2912: result: printf
configure:2945: checking for style of include used by make
configure:2973: result: GNU
configure:3044: checking for gcc
configure:3060: found /usr/bin/gcc
configure:3071: result: gcc
configure:3300: checking for C compiler version
configure:3309: gcc --version >&5
gcc (Ubuntu 7.5.0-3ubuntu1~18.04) 7.5.0
Copyright (C) 2017 Free Software Foundation, Inc.
This is free software; see the source for copying conditions.  There is NO
warranty; not even for MERCHANTABILITY or FITNESS FOR A PARTICULAR PURPOSE.

configure:3320: $? = 0
configure:3309: gcc -v >&5
Using built-in specs.
COLLECT_GCC=gcc
COLLECT_LTO_WRAPPER=/usr/lib/gcc/x86_64-linux-gnu/7/lto-wrapper
OFFLOAD_TARGET_NAMES=nvptx-none
OFFLOAD_TARGET_DEFAULT=1
Target: x86_64-linux-gnu
Configured with: ../src/configure -v --with-pkgversion='Ubuntu 7.5.0-3ubuntu1~18.04' --with-bugurl=file:///usr/share/doc/gcc-7/README.Bugs --enable-languages=c,ada,c++,go,brig,d,fortran,objc,obj-c++ --prefix=/usr --with-gcc-major-version-only --program-suffix=-7 --program-prefix=x86_64-linux-gnu- --enable-shared --enable-linker-build-id --libexecdir=/usr/lib --without-included-gettext --enable-threads=posix --libdir=/usr/lib --enable-nls --enable-bootstrap --enable-clocale=gnu --enable-libstdcxx-debug --enable-libstdcxx-time=yes --with-default-libstdcxx-abi=new --enable-gnu-unique-object --disable-vtable-verify --enable-libmpx --enable-plugin --enable-default-pie --with-system-zlib --with-target-system-zlib --enable-objc-gc=auto --enable-multiarch --disable-werror --with-arch-32=i686 --with-abi=m64 --with-multilib-list=m32,m64,mx32 --enable-multilib --with-tune=generic --enable-offload-targets=nvptx-none --without-cuda-driver --enable-checking=release --build=x86_64-linux-gnu --host=x86_64-linux-gnu --target=x86_64-linux-gnu
Thread model: posix
gcc version 7.5.0 (Ubuntu 7.5.0-3ubuntu1~18.04) 
configure:3320: $? = 0
configure:3309: gcc -V >&5
gcc: error: unrecognized command line option '-V'
gcc: fatal error: no input files
compilation terminated.
configure:3320: $? = 1
configure:3309: gcc -qversion >&5
gcc: error: unrecognized command line option '-qversion'; did you mean '--version'?
gcc: fatal error: no input files
compilation terminated.
configure:3320: $? = 1
configure:3340: checking whether the C compiler works
configure:3362: gcc    conftest.c  >&5
configure:3366: $? = 0
configure:3414: result: yes
configure:3417: checking for C compiler default output file name
configure:3419: result: a.out
configure:3425: checking for suffix of executables
configure:3432: gcc -o conftest    conftest.c  >&5
configure:3436: $? = 0
configure:3458: result: 
configure:3480: checking whether we are cross compiling
configure:3488: gcc -o conftest    conftest.c  >&5
configure:3492: $? = 0
configure:3499: ./conftest
configure:3503: $? = 0
configure:3518: result: no
configure:3523: checking for suffix of object files
configure:3545: gcc -c   conftest.c >&5
configure:3549: $? = 0
configure:3570: result: o
configure:3574: checking whether we are using the GNU C compiler
configure:3593: gcc -c   conftest.c >&5
configure:3593: $? = 0
configure:3602: result: yes
configure:3611: checking whether gcc accepts -g
configure:3631: gcc -c -g  conftest.c >&5
configure:3631: $? = 0
configure:3672: result: yes
configure:3689: checking for gcc option to accept ISO C89
configure:3752: gcc  -c -g -O2  conftest.c >&5
configure:3752: $? = 0
configure:3765: result: none needed
configure:3790: checking whether gcc understands -c and -o together
configure:3812: gcc -c conftest.c -o conftest2.o
configure:3815: $? = 0
configure:3812: gcc -c conftest.c -o conftest2.o
configure:3815: $? = 0
configure:3827: result: yes
configure:3846: checking dependency style of gcc
configure:3957: result: gcc3
configure:3972: checking for a sed that does not truncate output
configure:4036: result: /bin/sed
configure:4054: checking for grep that handles long lines and -e
configure:4112: result: /bin/grep
configure:4117: checking for egrep
configure:4179: result: /bin/grep -E
configure:4184: checking for fgrep
configure:4246: result: /bin/grep -F
configure:4281: checking for ld used by gcc
configure:4348: result: /usr/bin/ld
configure:4355: checking if the linker (/usr/bin/ld) is GNU ld
configure:4370: result: yes
configure:4382: checking for BSD- or MS-compatible name lister (nm)
configure:4431: result: /usr/bin/nm -B
configure:4561: checking the name lister (/usr/bin/nm -B) interface
configure:4568: gcc -c -g -O2  conftest.c >&5
configure:4571: /usr/bin/nm -B "conftest.o"
configure:4574: output
0000000000000000 B some_variable
configure:4581: result: BSD nm
configure:4584: checking whether ln -s works
configure:4588: result: yes
configure:4596: checking the maximum length of command line arguments
configure:4727: result: 1572864
configure:4744: checking whether the shell understands some XSI constructs
configure:4754: result: yes
configure:4758: checking whether the shell understands "+="
configure:4764: result: yes
configure:4799: checking how to convert x86_64-unknown-linux-gnu file names to x86_64-unknown-linux-gnu format
configure:4839: result: func_convert_file_noop
configure:4846: checking how to convert x86_64-unknown-linux-gnu file names to toolchain format
configure:4866: result: func_convert_file_noop
configure:4873: checking for /usr/bin/ld option to reload object files
configure:4880: result: -r
configure:4954: checking for objdump
configure:4970: found /usr/bin/objdump
configure:4981: result: objdump
configure:5013: checking how to recognize dependent libraries
configure:5211: result: pass_all
configure:5296: checking for dlltool
configure:5326: result: no
configure:5356: checking how to associate runtime and link libraries
configure:5383: result: printf %s\n
configure:5444: checking for ar
configure:5460: found /usr/bin/ar
configure:5471: result: ar
configure:5508: checking for archiver @FILE support
configure:5525: gcc -c -g -O2  conftest.c >&5
configure:5525: $? = 0
configure:5528: ar cru libconftest.a @conftest.lst >&5
ar: `u' modifier ignored since `D' is the default (see `U')
configure:5531: $? = 0
configure:5536: ar cru libconftest.a @conftest.lst >&5
ar: `u' modifier ignored since `D' is the default (see `U')
ar: conftest.o: No such file or directory
configure:5539: $? = 1
configure:5551: result: @
configure:5609: checking for strip
configure:5625: found /usr/bin/strip
configure:5636: result: strip
configure:5708: checking for ranlib
configure:5724: found /usr/bin/ranlib
configure:5735: result: ranlib
configure:5837: checking command to parse /usr/bin/nm -B output from gcc object
configure:5957: gcc -c -g -O2  conftest.c >&5
configure:5960: $? = 0
configure:5964: /usr/bin/nm -B conftest.o \| sed -n -e 's/^.*[ ]\([ABCDGIRSTW][ABCDGIRSTW]*\)[ ][ ]*\([_A-Za-z][_A-Za-z0-9]*\)$/\1 \2 \2/p' | sed '/ __gnu_lto/d' \> conftest.nm
configure:5967: $? = 0
configure:6033: gcc -o conftest -g -O2   conftest.c conftstm.o >&5
configure:6036: $? = 0
configure:6074: result: ok
configure:6111: checking for sysroot
configure:6141: result: no
configure:6218: gcc -c -g -O2  conftest.c >&5
configure:6221: $? = 0
configure:6410: checking for mt
configure:6426: found /bin/mt
configure:6437: result: mt
configure:6460: checking if mt is a manifest tool
configure:6466: mt '-?'
configure:6474: result: no
configure:7116: checking how to run the C preprocessor
configure:7147: gcc -E  conftest.c
configure:7147: $? = 0
configure:7161: gcc -E  conftest.c
conftest.c:11:10: fatal error: ac_nonexistent.h: No such file or directory
 #include <ac_nonexistent.h>
          ^~~~~~~~~~~~~~~~~~
compilation terminated.
configure:7161: $? = 1
configure: failed program was:
| /* confdefs.h */
| #define PACKAGE_NAME "Phidget22 Network Server"
| #define PACKAGE_TARNAME "phidget22networkserver"
| #define PACKAGE_VERSION "1.6"
| #define PACKAGE_STRING "Phidget22 Network Server 1.6"
| #define PACKAGE_BUGREPORT "support@phidgets.com"
| #define PACKAGE_URL "www.phidgets.com"
| #define PACKAGE "phidget22networkserver"
| #define VERSION "1.6"
| /* end confdefs.h.  */
| #include <ac_nonexistent.h>
configure:7186: result: gcc -E
configure:7206: gcc -E  conftest.c
configure:7206: $? = 0
configure:7220: gcc -E  conftest.c
conftest.c:11:10: fatal error: ac_nonexistent.h: No such file or directory
 #include <ac_nonexistent.h>
          ^~~~~~~~~~~~~~~~~~
compilation terminated.
configure:7220: $? = 1
configure: failed program was:
| /* confdefs.h */
| #define PACKAGE_NAME "Phidget22 Network Server"
| #define PACKAGE_TARNAME "phidget22networkserver"
| #define PACKAGE_VERSION "1.6"
| #define PACKAGE_STRING "Phidget22 Network Server 1.6"
| #define PACKAGE_BUGREPORT "support@phidgets.com"
| #define PACKAGE_URL "www.phidgets.com"
| #define PACKAGE "phidget22networkserver"
| #define VERSION "1.6"
| /* end confdefs.h.  */
| #include <ac_nonexistent.h>
configure:7249: checking for ANSI C header files
configure:7269: gcc -c -g -O2  conftest.c >&5
configure:7269: $? = 0
configure:7342: gcc -o conftest -g -O2   conftest.c  >&5
configure:7342: $? = 0
configure:7342: ./conftest
configure:7342: $? = 0
configure:7353: result: yes
configure:7366: checking for sys/types.h
configure:7366: gcc -c -g -O2  conftest.c >&5
configure:7366: $? = 0
configure:7366: result: yes
configure:7366: checking for sys/stat.h
configure:7366: gcc -c -g -O2  conftest.c >&5
configure:7366: $? = 0
configure:7366: result: yes
configure:7366: checking for stdlib.h
configure:7366: gcc -c -g -O2  conftest.c >&5
configure:7366: $? = 0
configure:7366: result: yes
configure:7366: checking for string.h
configure:7366: gcc -c -g -O2  conftest.c >&5
configure:7366: $? = 0
configure:7366: result: yes
configure:7366: checking for memory.h
configure:7366: gcc -c -g -O2  conftest.c >&5
configure:7366: $? = 0
configure:7366: result: yes
configure:7366: checking for strings.h
configure:7366: gcc -c -g -O2  conftest.c >&5
configure:7366: $? = 0
configure:7366: result: yes
configure:7366: checking for inttypes.h
configure:7366: gcc -c -g -O2  conftest.c >&5
configure:7366: $? = 0
configure:7366: result: yes
configure:7366: checking for stdint.h
configure:7366: gcc -c -g -O2  conftest.c >&5
configure:7366: $? = 0
configure:7366: result: yes
configure:7366: checking for unistd.h
configure:7366: gcc -c -g -O2  conftest.c >&5
configure:7366: $? = 0
configure:7366: result: yes
configure:7380: checking for dlfcn.h
configure:7380: gcc -c -g -O2  conftest.c >&5
configure:7380: $? = 0
configure:7380: result: yes
configure:7586: checking for objdir
configure:7601: result: .libs
configure:7872: checking if gcc supports -fno-rtti -fno-exceptions
configure:7890: gcc -c -g -O2  -fno-rtti -fno-exceptions conftest.c >&5
cc1: warning: command line option '-fno-rtti' is valid for C++/ObjC++ but not for C
configure:7894: $? = 0
configure:7907: result: no
configure:8234: checking for gcc option to produce PIC
configure:8241: result: -fPIC -DPIC
configure:8249: checking if gcc PIC flag -fPIC -DPIC works
configure:8267: gcc -c -g -O2  -fPIC -DPIC -DPIC conftest.c >&5
configure:8271: $? = 0
configure:8284: result: yes
configure:8313: checking if gcc static flag -static works
configure:8341: result: yes
configure:8356: checking if gcc supports -c -o file.o
configure:8377: gcc -c -g -O2  -o out/conftest2.o conftest.c >&5
configure:8381: $? = 0
configure:8403: result: yes
configure:8411: checking if gcc supports -c -o file.o
configure:8458: result: yes
configure:8491: checking whether the gcc linker (/usr/bin/ld -m elf_x86_64) supports shared libraries
configure:9648: result: yes
configure:9685: checking whether -lc should be explicitly linked in
configure:9693: gcc -c -g -O2  conftest.c >&5
configure:9696: $? = 0
configure:9711: gcc -shared  -fPIC -DPIC conftest.o  -v -Wl,-soname -Wl,conftest -o conftest 2\>\&1 \| /bin/grep  -lc  \>/dev/null 2\>\&1
configure:9714: $? = 0
configure:9728: result: no
configure:9888: checking dynamic linker characteristics
configure:10388: gcc -o conftest -g -O2   -Wl,-rpath -Wl,/foo conftest.c  >&5
configure:10388: $? = 0
configure:10622: result: GNU/Linux ld.so
configure:10729: checking how to hardcode library paths into programs
configure:10754: result: immediate
configure:11294: checking whether stripping libraries is possible
configure:11299: result: yes
configure:11334: checking if libtool supports shared libraries
configure:11336: result: yes
configure:11339: checking whether to build shared libraries
configure:11360: result: yes
configure:11363: checking whether to build static libraries
configure:11367: result: yes
configure:11443: checking for gcc option to accept ISO C99
configure:11592: gcc  -c -g -O2  conftest.c >&5
configure:11592: $? = 0
configure:11605: result: none needed
configure:11625: checking whether byte ordering is bigendian
configure:11640: gcc -c -g -O2  conftest.c >&5
conftest.c:26:9: error: unknown type name 'not'
         not a universal capable compiler
         ^~~
conftest.c:26:15: error: expected '=', ',', ';', 'asm' or '__attribute__' before 'universal'
         not a universal capable compiler
               ^~~~~~~~~
conftest.c:26:15: error: unknown type name 'universal'
configure:11640: $? = 1
configure: failed program was:
| /* confdefs.h */
| #define PACKAGE_NAME "Phidget22 Network Server"
| #define PACKAGE_TARNAME "phidget22networkserver"
| #define PACKAGE_VERSION "1.6"
| #define PACKAGE_STRING "Phidget22 Network Server 1.6"
| #define PACKAGE_BUGREPORT "support@phidgets.com"
| #define PACKAGE_URL "www.phidgets.com"
| #define PACKAGE "phidget22networkserver"
| #define VERSION "1.6"
| #define STDC_HEADERS 1
| #define HAVE_SYS_TYPES_H 1
| #define HAVE_SYS_STAT_H 1
| #define HAVE_STDLIB_H 1
| #define HAVE_STRING_H 1
| #define HAVE_MEMORY_H 1
| #define HAVE_STRINGS_H 1
| #define HAVE_INTTYPES_H 1
| #define HAVE_STDINT_H 1
| #define HAVE_UNISTD_H 1
| #define HAVE_DLFCN_H 1
| #define LT_OBJDIR ".libs/"
| #define _HOST_CPU x86_64
| #define _MACHINE x86_64
| /* end confdefs.h.  */
| #ifndef __APPLE_CC__
| 	       not a universal capable compiler
| 	     #endif
| 	     typedef int dummy;
| 
configure:11685: gcc -c -g -O2  conftest.c >&5
configure:11685: $? = 0
configure:11703: gcc -c -g -O2  conftest.c >&5
conftest.c: In function 'main':
conftest.c:32:4: error: unknown type name 'not'; did you mean 'ino_t'?
    not big endian
    ^~~
    ino_t
conftest.c:32:12: error: expected '=', ',', ';', 'asm' or '__attribute__' before 'endian'
    not big endian
            ^~~~~~
configure:11703: $? = 1
configure: failed program was:
| /* confdefs.h */
| #define PACKAGE_NAME "Phidget22 Network Server"
| #define PACKAGE_TARNAME "phidget22networkserver"
| #define PACKAGE_VERSION "1.6"
| #define PACKAGE_STRING "Phidget22 Network Server 1.6"
| #define PACKAGE_BUGREPORT "support@phidgets.com"
| #define PACKAGE_URL "www.phidgets.com"
| #define PACKAGE "phidget22networkserver"
| #define VERSION "1.6"
| #define STDC_HEADERS 1
| #define HAVE_SYS_TYPES_H 1
| #define HAVE_SYS_STAT_H 1
| #define HAVE_STDLIB_H 1
| #define HAVE_STRING_H 1
| #define HAVE_MEMORY_H 1
| #define HAVE_STRINGS_H 1
| #define HAVE_INTTYPES_H 1
| #define HAVE_STDINT_H 1
| #define HAVE_UNISTD_H 1
| #define HAVE_DLFCN_H 1
| #define LT_OBJDIR ".libs/"
| #define _HOST_CPU x86_64
| #define _MACHINE x86_64
| /* end confdefs.h.  */
| #include <sys/types.h>
| 		#include <sys/param.h>
| 
| int
| main ()
| {
| #if BYTE_ORDER != BIG_ENDIAN
| 		 not big endian
| 		#endif
| 
|   ;
|   return 0;
| }
configure:11831: result: no
configure:11856: checking for library containing dlopen
configure:11887: gcc -o conftest -g -O2   conftest.c  >&5
/tmp/ccX38xBN.o: In function `main':
/home/nicolemint/.local/lib/phidget22networkserver-1.6.20200417/conftest.c:37: undefined reference to `dlopen'
collect2: error: ld returned 1 exit status
configure:11887: $? = 1
configure: failed program was:
| /* confdefs.h */
| #define PACKAGE_NAME "Phidget22 Network Server"
| #define PACKAGE_TARNAME "phidget22networkserver"
| #define PACKAGE_VERSION "1.6"
| #define PACKAGE_STRING "Phidget22 Network Server 1.6"
| #define PACKAGE_BUGREPORT "support@phidgets.com"
| #define PACKAGE_URL "www.phidgets.com"
| #define PACKAGE "phidget22networkserver"
| #define VERSION "1.6"
| #define STDC_HEADERS 1
| #define HAVE_SYS_TYPES_H 1
| #define HAVE_SYS_STAT_H 1
| #define HAVE_STDLIB_H 1
| #define HAVE_STRING_H 1
| #define HAVE_MEMORY_H 1
| #define HAVE_STRINGS_H 1
| #define HAVE_INTTYPES_H 1
| #define HAVE_STDINT_H 1
| #define HAVE_UNISTD_H 1
| #define HAVE_DLFCN_H 1
| #define LT_OBJDIR ".libs/"
| #define _HOST_CPU x86_64
| #define _MACHINE x86_64
| #define MOS_BYTE_ORDER MOS_LITTLE_ENDIAN
| /* end confdefs.h.  */
| 
| /* Override any GCC internal prototype to avoid an error.
|    Use char because int might match the return type of a GCC
|    builtin and then its argument prototype would still apply.  */
| #ifdef __cplusplus
| extern "C"
| #endif
| char dlopen ();
| int
| main ()
| {
| return dlopen ();
|   ;
|   return 0;
| }
configure:11887: gcc -o conftest -g -O2   conftest.c -ldl   >&5
configure:11887: $? = 0
configure:11904: result: -ldl
configure:11914: checking for library containing sqrt
configure:11945: gcc -o conftest -g -O2   conftest.c -ldl  >&5
conftest.c:33:6: warning: conflicting types for built-in function 'sqrt' [-Wbuiltin-declaration-mismatch]
 char sqrt ();
      ^~~~
/tmp/cc09xqXV.o: In function `main':
/home/nicolemint/.local/lib/phidget22networkserver-1.6.20200417/conftest.c:37: undefined reference to `sqrt'
collect2: error: ld returned 1 exit status
configure:11945: $? = 1
configure: failed program was:
| /* confdefs.h */
| #define PACKAGE_NAME "Phidget22 Network Server"
| #define PACKAGE_TARNAME "phidget22networkserver"
| #define PACKAGE_VERSION "1.6"
| #define PACKAGE_STRING "Phidget22 Network Server 1.6"
| #define PACKAGE_BUGREPORT "support@phidgets.com"
| #define PACKAGE_URL "www.phidgets.com"
| #define PACKAGE "phidget22networkserver"
| #define VERSION "1.6"
| #define STDC_HEADERS 1
| #define HAVE_SYS_TYPES_H 1
| #define HAVE_SYS_STAT_H 1
| #define HAVE_STDLIB_H 1
| #define HAVE_STRING_H 1
| #define HAVE_MEMORY_H 1
| #define HAVE_STRINGS_H 1
| #define HAVE_INTTYPES_H 1
| #define HAVE_STDINT_H 1
| #define HAVE_UNISTD_H 1
| #define HAVE_DLFCN_H 1
| #define LT_OBJDIR ".libs/"
| #define _HOST_CPU x86_64
| #define _MACHINE x86_64
| #define MOS_BYTE_ORDER MOS_LITTLE_ENDIAN
| /* end confdefs.h.  */
| 
| /* Override any GCC internal prototype to avoid an error.
|    Use char because int might match the return type of a GCC
|    builtin and then its argument prototype would still apply.  */
| #ifdef __cplusplus
| extern "C"
| #endif
| char sqrt ();
| int
| main ()
| {
| return sqrt ();
|   ;
|   return 0;
| }
configure:11945: gcc -o conftest -g -O2   conftest.c -lm  -ldl  >&5
conftest.c:33:6: warning: conflicting types for built-in function 'sqrt' [-Wbuiltin-declaration-mismatch]
 char sqrt ();
      ^~~~
configure:11945: $? = 0
configure:11962: result: -lm
configure:11972: checking for library containing pthread_create
configure:12003: gcc -o conftest -g -O2   conftest.c -lm -ldl  >&5
/tmp/ccVcRCh2.o: In function `main':
/home/nicolemint/.local/lib/phidget22networkserver-1.6.20200417/conftest.c:37: undefined reference to `pthread_create'
collect2: error: ld returned 1 exit status
configure:12003: $? = 1
configure: failed program was:
| /* confdefs.h */
| #define PACKAGE_NAME "Phidget22 Network Server"
| #define PACKAGE_TARNAME "phidget22networkserver"
| #define PACKAGE_VERSION "1.6"
| #define PACKAGE_STRING "Phidget22 Network Server 1.6"
| #define PACKAGE_BUGREPORT "support@phidgets.com"
| #define PACKAGE_URL "www.phidgets.com"
| #define PACKAGE "phidget22networkserver"
| #define VERSION "1.6"
| #define STDC_HEADERS 1
| #define HAVE_SYS_TYPES_H 1
| #define HAVE_SYS_STAT_H 1
| #define HAVE_STDLIB_H 1
| #define HAVE_STRING_H 1
| #define HAVE_MEMORY_H 1
| #define HAVE_STRINGS_H 1
| #define HAVE_INTTYPES_H 1
| #define HAVE_STDINT_H 1
| #define HAVE_UNISTD_H 1
| #define HAVE_DLFCN_H 1
| #define LT_OBJDIR ".libs/"
| #define _HOST_CPU x86_64
| #define _MACHINE x86_64
| #define MOS_BYTE_ORDER MOS_LITTLE_ENDIAN
| /* end confdefs.h.  */
| 
| /* Override any GCC internal prototype to avoid an error.
|    Use char because int might match the return type of a GCC
|    builtin and then its argument prototype would still apply.  */
| #ifdef __cplusplus
| extern "C"
| #endif
| char pthread_create ();
| int
| main ()
| {
| return pthread_create ();
|   ;
|   return 0;
| }
configure:12003: gcc -o conftest -g -O2   conftest.c -lpthread  -lm -ldl  >&5
configure:12003: $? = 0
configure:12020: result: -lpthread
configure:12031: checking for library containing libusb_init
configure:12062: gcc -o conftest -g -O2   conftest.c -lpthread -lm -ldl  >&5
/tmp/cc4yslz1.o: In function `main':
/home/nicolemint/.local/lib/phidget22networkserver-1.6.20200417/conftest.c:38: undefined reference to `libusb_init'
collect2: error: ld returned 1 exit status
configure:12062: $? = 1
configure: failed program was:
| /* confdefs.h */
| #define PACKAGE_NAME "Phidget22 Network Server"
| #define PACKAGE_TARNAME "phidget22networkserver"
| #define PACKAGE_VERSION "1.6"
| #define PACKAGE_STRING "Phidget22 Network Server 1.6"
| #define PACKAGE_BUGREPORT "support@phidgets.com"
| #define PACKAGE_URL "www.phidgets.com"
| #define PACKAGE "phidget22networkserver"
| #define VERSION "1.6"
| #define STDC_HEADERS 1
| #define HAVE_SYS_TYPES_H 1
| #define HAVE_SYS_STAT_H 1
| #define HAVE_STDLIB_H 1
| #define HAVE_STRING_H 1
| #define HAVE_MEMORY_H 1
| #define HAVE_STRINGS_H 1
| #define HAVE_INTTYPES_H 1
| #define HAVE_STDINT_H 1
| #define HAVE_UNISTD_H 1
| #define HAVE_DLFCN_H 1
| #define LT_OBJDIR ".libs/"
| #define _HOST_CPU x86_64
| #define _MACHINE x86_64
| #define MOS_BYTE_ORDER MOS_LITTLE_ENDIAN
| #define _MOS_PTHREADS 1
| /* end confdefs.h.  */
| 
| /* Override any GCC internal prototype to avoid an error.
|    Use char because int might match the return type of a GCC
|    builtin and then its argument prototype would still apply.  */
| #ifdef __cplusplus
| extern "C"
| #endif
| char libusb_init ();
| int
| main ()
| {
| return libusb_init ();
|   ;
|   return 0;
| }
configure:12062: gcc -o conftest -g -O2   conftest.c -lusb-1.0  -lpthread -lm -ldl  >&5
configure:12062: $? = 0
configure:12079: result: -lusb-1.0
configure:12284: checking for library containing Phidget_getLibraryVersion
configure:12315: gcc -o conftest -g -O2   conftest.c -lusb-1.0 -lpthread -lm -ldl  >&5
/tmp/ccEqDRXc.o: In function `main':
/home/nicolemint/.local/lib/phidget22networkserver-1.6.20200417/conftest.c:41: undefined reference to `Phidget_getLibraryVersion'
collect2: error: ld returned 1 exit status
configure:12315: $? = 1
configure: failed program was:
| /* confdefs.h */
| #define PACKAGE_NAME "Phidget22 Network Server"
| #define PACKAGE_TARNAME "phidget22networkserver"
| #define PACKAGE_VERSION "1.6"
| #define PACKAGE_STRING "Phidget22 Network Server 1.6"
| #define PACKAGE_BUGREPORT "support@phidgets.com"
| #define PACKAGE_URL "www.phidgets.com"
| #define PACKAGE "phidget22networkserver"
| #define VERSION "1.6"
| #define STDC_HEADERS 1
| #define HAVE_SYS_TYPES_H 1
| #define HAVE_SYS_STAT_H 1
| #define HAVE_STDLIB_H 1
| #define HAVE_STRING_H 1
| #define HAVE_MEMORY_H 1
| #define HAVE_STRINGS_H 1
| #define HAVE_INTTYPES_H 1
| #define HAVE_STDINT_H 1
| #define HAVE_UNISTD_H 1
| #define HAVE_DLFCN_H 1
| #define LT_OBJDIR ".libs/"
| #define _HOST_CPU x86_64
| #define _MACHINE x86_64
| #define MOS_BYTE_ORDER MOS_LITTLE_ENDIAN
| #define _MOS_PTHREADS 1
| #define UNIX 1
| #define _LINUX 1
| #define Linux 1
| /* end confdefs.h.  */
| 
| /* Override any GCC internal prototype to avoid an error.
|    Use char because int might match the return type of a GCC
|    builtin and then its argument prototype would still apply.  */
| #ifdef __cplusplus
| extern "C"
| #endif
| char Phidget_getLibraryVersion ();
| int
| main ()
| {
| return Phidget_getLibraryVersion ();
|   ;
|   return 0;
| }
configure:12315: gcc -o conftest -g -O2   conftest.c -lphidget22  -lusb-1.0 -lpthread -lm -ldl  >&5
configure:12315: $? = 0
configure:12332: result: -lphidget22
configure:12344: checking for library containing getPhidgetExtraVersion
configure:12375: gcc -o conftest -g -O2   conftest.c -lphidget22 -lusb-1.0 -lpthread -lm -ldl  >&5
/tmp/ccdrdpYm.o: In function `main':
/home/nicolemint/.local/lib/phidget22networkserver-1.6.20200417/conftest.c:42: undefined reference to `getPhidgetExtraVersion'
collect2: error: ld returned 1 exit status
configure:12375: $? = 1
configure: failed program was:
| /* confdefs.h */
| #define PACKAGE_NAME "Phidget22 Network Server"
| #define PACKAGE_TARNAME "phidget22networkserver"
| #define PACKAGE_VERSION "1.6"
| #define PACKAGE_STRING "Phidget22 Network Server 1.6"
| #define PACKAGE_BUGREPORT "support@phidgets.com"
| #define PACKAGE_URL "www.phidgets.com"
| #define PACKAGE "phidget22networkserver"
| #define VERSION "1.6"
| #define STDC_HEADERS 1
| #define HAVE_SYS_TYPES_H 1
| #define HAVE_SYS_STAT_H 1
| #define HAVE_STDLIB_H 1
| #define HAVE_STRING_H 1
| #define HAVE_MEMORY_H 1
| #define HAVE_STRINGS_H 1
| #define HAVE_INTTYPES_H 1
| #define HAVE_STDINT_H 1
| #define HAVE_UNISTD_H 1
| #define HAVE_DLFCN_H 1
| #define LT_OBJDIR ".libs/"
| #define _HOST_CPU x86_64
| #define _MACHINE x86_64
| #define MOS_BYTE_ORDER MOS_LITTLE_ENDIAN
| #define _MOS_PTHREADS 1
| #define UNIX 1
| #define _LINUX 1
| #define Linux 1
| #define _PHIDGET22 1
| /* end confdefs.h.  */
| 
| /* Override any GCC internal prototype to avoid an error.
|    Use char because int might match the return type of a GCC
|    builtin and then its argument prototype would still apply.  */
| #ifdef __cplusplus
| extern "C"
| #endif
| char getPhidgetExtraVersion ();
| int
| main ()
| {
| return getPhidgetExtraVersion ();
|   ;
|   return 0;
| }
configure:12375: gcc -o conftest -g -O2   conftest.c -lphidget22extra  -lphidget22 -lusb-1.0 -lpthread -lm -ldl  >&5
configure:12375: $? = 0
configure:12392: result: -lphidget22extra
configure:12577: checking that generated files are newer than configure
configure:12583: result: done
configure:12607: creating ./config.status

## ---------------------- ##
## Running config.status. ##
## ---------------------- ##

This file was extended by Phidget22 Network Server config.status 1.6, which was
generated by GNU Autoconf 2.69.  Invocation command line was

  CONFIG_FILES    = 
  CONFIG_HEADERS  = 
  CONFIG_LINKS    = 
  CONFIG_COMMANDS = 
  $ ./config.status 

on nicolemint

config.status:1005: creating Makefile
config.status:1177: executing depfiles commands
config.status:1177: executing libtool commands

## ---------------- ##
## Cache variables. ##
## ---------------- ##

ac_cv_build=x86_64-unknown-linux-gnu
ac_cv_c_bigendian=no
ac_cv_c_compiler_gnu=yes
ac_cv_env_CC_set=
ac_cv_env_CC_value=
ac_cv_env_CFLAGS_set=
ac_cv_env_CFLAGS_value=
ac_cv_env_CPPFLAGS_set=
ac_cv_env_CPPFLAGS_value=
ac_cv_env_CPP_set=
ac_cv_env_CPP_value=
ac_cv_env_LDFLAGS_set=
ac_cv_env_LDFLAGS_value=
ac_cv_env_LIBS_set=
ac_cv_env_LIBS_value=
ac_cv_env_build_alias_set=
ac_cv_env_build_alias_value=
ac_cv_env_host_alias_set=
ac_cv_env_host_alias_value=
ac_cv_env_target_alias_set=
ac_cv_env_target_alias_value=
ac_cv_header_dlfcn_h=yes
ac_cv_header_inttypes_h=yes
ac_cv_header_memory_h=yes
ac_cv_header_stdc=yes
ac_cv_header_stdint_h=yes
ac_cv_header_stdlib_h=yes
ac_cv_header_string_h=yes
ac_cv_header_strings_h=yes
ac_cv_header_sys_stat_h=yes
ac_cv_header_sys_types_h=yes
ac_cv_header_unistd_h=yes
ac_cv_host=x86_64-unknown-linux-gnu
ac_cv_objext=o
ac_cv_path_EGREP='/bin/grep -E'
ac_cv_path_FGREP='/bin/grep -F'
ac_cv_path_GREP=/bin/grep
ac_cv_path_SED=/bin/sed
ac_cv_path_install='/usr/bin/install -c'
ac_cv_path_mkdir=/bin/mkdir
ac_cv_prog_AWK=gawk
ac_cv_prog_CPP='gcc -E'
ac_cv_prog_ac_ct_AR=ar
ac_cv_prog_ac_ct_CC=gcc
ac_cv_prog_ac_ct_MANIFEST_TOOL=mt
ac_cv_prog_ac_ct_OBJDUMP=objdump
ac_cv_prog_ac_ct_RANLIB=ranlib
ac_cv_prog_ac_ct_STRIP=strip
ac_cv_prog_cc_c89=
ac_cv_prog_cc_c99=
ac_cv_prog_cc_g=yes
ac_cv_prog_make_make_set=yes
ac_cv_search_Phidget_getLibraryVersion=-lphidget22
ac_cv_search_dlopen=-ldl
ac_cv_search_getPhidgetExtraVersion=-lphidget22extra
ac_cv_search_libusb_init=-lusb-1.0
ac_cv_search_pthread_create=-lpthread
ac_cv_search_sqrt=-lm
am_cv_CC_dependencies_compiler_type=gcc3
am_cv_make_support_nested_variables=yes
am_cv_prog_cc_c_o=yes
lt_cv_ar_at_file=@
lt_cv_archive_cmds_need_lc=no
lt_cv_deplibs_check_method=pass_all
lt_cv_file_magic_cmd='$MAGIC_CMD'
lt_cv_file_magic_test_file=
lt_cv_ld_reload_flag=-r
lt_cv_nm_interface='BSD nm'
lt_cv_objdir=.libs
lt_cv_path_LD=/usr/bin/ld
lt_cv_path_NM='/usr/bin/nm -B'
lt_cv_path_mainfest_tool=no
lt_cv_prog_compiler_c_o=yes
lt_cv_prog_compiler_pic='-fPIC -DPIC'
lt_cv_prog_compiler_pic_works=yes
lt_cv_prog_compiler_rtti_exceptions=no
lt_cv_prog_compiler_static_works=yes
lt_cv_prog_gnu_ld=yes
lt_cv_sharedlib_from_linklib_cmd='printf %s\n'
lt_cv_shlibpath_overrides_runpath=yes
lt_cv_sys_global_symbol_pipe='sed -n -e '\''s/^.*[	 ]\([ABCDGIRSTW][ABCDGIRSTW]*\)[	 ][	 ]*\([_A-Za-z][_A-Za-z0-9]*\)$/\1 \2 \2/p'\'' | sed '\''/ __gnu_lto/d'\'''
lt_cv_sys_global_symbol_to_c_name_address='sed -n -e '\''s/^: \([^ ]*\)[ ]*$/  {\"\1\", (void *) 0},/p'\'' -e '\''s/^[ABCDGIRSTW]* \([^ ]*\) \([^ ]*\)$/  {"\2", (void *) \&\2},/p'\'''
lt_cv_sys_global_symbol_to_c_name_address_lib_prefix='sed -n -e '\''s/^: \([^ ]*\)[ ]*$/  {\"\1\", (void *) 0},/p'\'' -e '\''s/^[ABCDGIRSTW]* \([^ ]*\) \(lib[^ ]*\)$/  {"\2", (void *) \&\2},/p'\'' -e '\''s/^[ABCDGIRSTW]* \([^ ]*\) \([^ ]*\)$/  {"lib\2", (void *) \&\2},/p'\'''
lt_cv_sys_global_symbol_to_cdecl='sed -n -e '\''s/^T .* \(.*\)$/extern int \1();/p'\'' -e '\''s/^[ABCDGIRSTW]* .* \(.*\)$/extern char \1;/p'\'''
lt_cv_sys_max_cmd_len=1572864
lt_cv_to_host_file_cmd=func_convert_file_noop
lt_cv_to_tool_file_cmd=func_convert_file_noop

## ----------------- ##
## Output variables. ##
## ----------------- ##

ACLOCAL='${SHELL} /home/nicolemint/.local/lib/phidget22networkserver-1.6.20200417/build/missing aclocal-1.14'
AMDEPBACKSLASH='\'
AMDEP_FALSE='#'
AMDEP_TRUE=''
AMTAR='$${TAR-tar}'
AM_BACKSLASH='\'
AM_DEFAULT_V='$(AM_DEFAULT_VERBOSITY)'
AM_DEFAULT_VERBOSITY='0'
AM_V='$(V)'
AR='ar'
AUTOCONF='${SHELL} /home/nicolemint/.local/lib/phidget22networkserver-1.6.20200417/build/missing autoconf'
AUTOHEADER='${SHELL} /home/nicolemint/.local/lib/phidget22networkserver-1.6.20200417/build/missing autoheader'
AUTOMAKE='${SHELL} /home/nicolemint/.local/lib/phidget22networkserver-1.6.20200417/build/missing automake-1.14'
AWK='gawk'
CC='gcc'
CCDEPMODE='depmode=gcc3'
CFLAGS='-g -O2'
CPP='gcc -E'
CPPFLAGS=''
CYGPATH_W='echo'
DEFS='-DPACKAGE_NAME=\"Phidget22\ Network\ Server\" -DPACKAGE_TARNAME=\"phidget22networkserver\" -DPACKAGE_VERSION=\"1.6\" -DPACKAGE_STRING=\"Phidget22\ Network\ Server\ 1.6\" -DPACKAGE_BUGREPORT=\"support@phidgets.com\" -DPACKAGE_URL=\"www.phidgets.com\" -DPACKAGE=\"phidget22networkserver\" -DVERSION=\"1.6\" -DSTDC_HEADERS=1 -DHAVE_SYS_TYPES_H=1 -DHAVE_SYS_STAT_H=1 -DHAVE_STDLIB_H=1 -DHAVE_STRING_H=1 -DHAVE_MEMORY_H=1 -DHAVE_STRINGS_H=1 -DHAVE_INTTYPES_H=1 -DHAVE_STDINT_H=1 -DHAVE_UNISTD_H=1 -DHAVE_DLFCN_H=1 -DLT_OBJDIR=\".libs/\" -D_HOST_CPU=x86_64 -D_MACHINE=x86_64 -DMOS_BYTE_ORDER=MOS_LITTLE_ENDIAN -D_MOS_PTHREADS=1 -DUNIX=1 -D_LINUX=1 -DLinux=1 -D_PHIDGET22=1 -D_PHIDGET22EXTRA=1 -DNDEBUG=1'
DEPDIR='.deps'
DLLTOOL='false'
DSYMUTIL=''
DUMPBIN=''
ECHO_C=''
ECHO_N='-n'
ECHO_T=''
EGREP='/bin/grep -E'
EXEEXT=''
FGREP='/bin/grep -F'
GREP='/bin/grep'
INSTALL_DATA='${INSTALL} -m 644'
INSTALL_PROGRAM='${INSTALL}'
INSTALL_SCRIPT='${INSTALL}'
INSTALL_STRIP_PROGRAM='$(install_sh) -c -s'
LD='/usr/bin/ld -m elf_x86_64'
LDFLAGS=''
LIBOBJS=''
LIBS='-lphidget22extra -lphidget22 -lusb-1.0 -lpthread -lm -ldl '
LIBTOOL='$(SHELL) $(top_builddir)/libtool'
LIPO=''
LN_S='ln -s'
LTLIBOBJS=''
MAKEINFO='${SHELL} /home/nicolemint/.local/lib/phidget22networkserver-1.6.20200417/build/missing makeinfo'
MANIFEST_TOOL=':'
MKDIR_P='/bin/mkdir -p'
NM='/usr/bin/nm -B'
NMEDIT=''
OBJDUMP='objdump'
OBJEXT='o'
OTOOL64=''
OTOOL=''
PACKAGE='phidget22networkserver'
PACKAGE_BUGREPORT='support@phidgets.com'
PACKAGE_NAME='Phidget22 Network Server'
PACKAGE_STRING='Phidget22 Network Server 1.6'
PACKAGE_TARNAME='phidget22networkserver'
PACKAGE_URL='www.phidgets.com'
PACKAGE_VERSION='1.6'
PATH_SEPARATOR=':'
RANLIB='ranlib'
SED='/bin/sed'
SET_MAKE=''
SHELL='/bin/bash'
STRIP='strip'
VERSION='1.6'
ac_ct_AR='ar'
ac_ct_CC='gcc'
ac_ct_DUMPBIN=''
am__EXEEXT_FALSE=''
am__EXEEXT_TRUE='#'
am__fastdepCC_FALSE='#'
am__fastdepCC_TRUE=''
am__include='include'
am__isrc=''
am__leading_dot='.'
am__nodep='_no'
am__quote=''
am__tar='$${TAR-tar} chof - "$$tardir"'
am__untar='$${TAR-tar} xf -'
bindir='${exec_prefix}/bin'
build='x86_64-unknown-linux-gnu'
build_alias=''
build_cpu='x86_64'
build_os='linux-gnu'
build_vendor='unknown'
datadir='${datarootdir}'
datarootdir='${prefix}/share'
docdir='${datarootdir}/doc/${PACKAGE_TARNAME}'
dvidir='${docdir}'
exec_prefix='${prefix}'
host='x86_64-unknown-linux-gnu'
host_alias=''
host_cpu='x86_64'
host_os='linux-gnu'
host_vendor='unknown'
htmldir='${docdir}'
includedir='${prefix}/include'
infodir='${datarootdir}/info'
install_sh='${SHELL} /home/nicolemint/.local/lib/phidget22networkserver-1.6.20200417/build/install-sh'
libdir='${exec_prefix}/lib'
libexecdir='${exec_prefix}/libexec'
localedir='${datarootdir}/locale'
localstatedir='${prefix}/var'
mandir='${datarootdir}/man'
mkdir_p='$(MKDIR_P)'
oldincludedir='/usr/include'
pdfdir='${docdir}'
prefix='/usr/local'
program_transform_name='s,x,x,'
psdir='${docdir}'
sbindir='${exec_prefix}/sbin'
sharedstatedir='${prefix}/com'
sysconfdir='${prefix}/etc'
target_alias=''

## ----------- ##
## confdefs.h. ##
## ----------- ##

/* confdefs.h */
#define PACKAGE_NAME "Phidget22 Network Server"
#define PACKAGE_TARNAME "phidget22networkserver"
#define PACKAGE_VERSION "1.6"
#define PACKAGE_STRING "Phidget22 Network Server 1.6"
#define PACKAGE_BUGREPORT "support@phidgets.com"
#define PACKAGE_URL "www.phidgets.com"
#define PACKAGE "phidget22networkserver"
#define VERSION "1.6"
#define STDC_HEADERS 1
#define HAVE_SYS_TYPES_H 1
#define HAVE_SYS_STAT_H 1
#define HAVE_STDLIB_H 1
#define HAVE_STRING_H 1
#define HAVE_MEMORY_H 1
#define HAVE_STRINGS_H 1
#define HAVE_INTTYPES_H 1
#define HAVE_STDINT_H 1
#define HAVE_UNISTD_H 1
#define HAVE_DLFCN_H 1
#define LT_OBJDIR ".libs/"
#define _HOST_CPU x86_64
#define _MACHINE x86_64
#define MOS_BYTE_ORDER MOS_LITTLE_ENDIAN
#define _MOS_PTHREADS 1
#define UNIX 1
#define _LINUX 1
#define Linux 1
#define _PHIDGET22 1
#define _PHIDGET22EXTRA 1
#define NDEBUG 1

configure: exit 0
